<?xml version="1.0" encoding="UTF-8"?>
<!-- Generated by org.testng.reporters.JUnitReportReporter -->
<testsuite hostname="AGUMMADILLI06" failures="0" tests="1" name="TestCases.HomepageTests" time="5.938" errors="0" timestamp="2024-07-10T20:56:23 IST" skipped="0">
  <testcase classname="TestCases.HomepageTests" name="OpenGmail" time="5.938"/>
</testsuite> <!-- TestCases.HomepageTests -->
