<?xml version="1.0" encoding="UTF-8"?>
<!-- Generated by org.testng.reporters.JUnitReportReporter -->
<testsuite hostname="AGUMMADILLI06" failures="0" tests="1" name="Day1Learning.clsExceptionHandling" time="0.011" errors="0" timestamp="2024-07-28T07:26:23 IST" skipped="0">
  <testcase classname="Day1Learning.clsExceptionHandling" name="LearnException1" time="0.011"/>
</testsuite> <!-- Day1Learning.clsExceptionHandling -->
