<?xml version="1.0" encoding="UTF-8"?>
<!-- Generated by org.testng.reporters.JUnitReportReporter -->
<testsuite hostname="AGUMMADILLI06" failures="0" tests="1" name="Day1Learning.clsConditionalStatements" time="0.013" errors="0" timestamp="2024-07-23T08:12:35 IST" skipped="0">
  <testcase classname="Day1Learning.clsConditionalStatements" name="LearnSwitchCase" time="0.013"/>
</testsuite> <!-- Day1Learning.clsConditionalStatements -->
