<?xml version="1.0" encoding="UTF-8"?>
<!-- Generated by org.testng.reporters.JUnitReportReporter -->
<testsuite hostname="AGUMMADILLI06" failures="0" tests="1" name="SeleniumLearning.HandlingAlerts" time="8.389" errors="0" timestamp="2024-07-29T07:22:13 IST" skipped="0">
  <testcase classname="SeleniumLearning.HandlingAlerts" name="HandlingAlertsBasedonCondition" time="8.389"/>
</testsuite> <!-- SeleniumLearning.HandlingAlerts -->
