<?xml version="1.0" encoding="UTF-8"?>
<!-- Generated by org.testng.reporters.JUnitReportReporter -->
<testsuite hostname="AGUMMADILLI06" failures="0" tests="1" name="Day1Learning.clsCollections" time="0.011" errors="0" timestamp="2024-07-26T07:12:32 IST" skipped="0">
  <testcase classname="Day1Learning.clsCollections" name="LearnSet" time="0.011"/>
</testsuite> <!-- Day1Learning.clsCollections -->
