<?xml version="1.0" encoding="UTF-8"?>
<!-- Generated by org.testng.reporters.JUnitReportReporter -->
<testsuite hostname="AGUMMADILLI06" failures="0" tests="1" name="SeleniumLearning.HandlingAlerts" time="6.522" errors="0" timestamp="2024-08-06T07:27:02 IST" skipped="0">
  <testcase classname="SeleniumLearning.HandlingAlerts" name="HandlingAlertsBasedonCondition" time="6.522"/>
</testsuite> <!-- SeleniumLearning.HandlingAlerts -->
