<?xml version="1.0" encoding="UTF-8"?>
<!-- Generated by org.testng.reporters.JUnitReportReporter -->
<testsuite hostname="AGUMMADILLI06" failures="0" tests="1" name="CoreJava.ActionsClass" time="2.317" errors="0" timestamp="2024-08-06T11:24:06 IST" skipped="0">
  <testcase classname="CoreJava.ActionsClass" name="MoveToElement" time="2.317"/>
</testsuite> <!-- CoreJava.ActionsClass -->
