<?xml version="1.0" encoding="UTF-8"?>
<!-- Generated by org.testng.reporters.JUnitReportReporter -->
<testsuite hostname="AGUMMADILLI06" failures="0" tests="1" name="Day1Learning.ImplementAbstractClass" time="0.008" errors="0" timestamp="2024-07-03T10:43:32 IST" skipped="0">
  <testcase classname="Day1Learning.ImplementAbstractClass" name="callAbsMethod" time="0.008"/>
</testsuite> <!-- Day1Learning.ImplementAbstractClass -->
