<?xml version="1.0" encoding="UTF-8"?>
<!-- Generated by org.testng.reporters.JUnitReportReporter -->
<testsuite hostname="AGUMMADILLI06" failures="0" tests="1" name="FileOperations.HandlingTextFiles" time="0.009" errors="0" timestamp="2024-07-30T10:03:42 IST" skipped="0">
  <testcase classname="FileOperations.HandlingTextFiles" name="CreateTextFile" time="0.009"/>
</testsuite> <!-- FileOperations.HandlingTextFiles -->
