<?xml version="1.0" encoding="UTF-8"?>
<!-- Generated by org.testng.reporters.JUnitReportReporter -->
<testsuite hostname="AGUMMADILLI06" failures="0" tests="1" name="CoreJava.clsExceptionHandling" time="0.030" errors="0" timestamp="2024-07-30T07:17:43 IST" skipped="0">
  <testcase classname="CoreJava.clsExceptionHandling" name="ArrayIndexException" time="0.030"/>
</testsuite> <!-- CoreJava.clsExceptionHandling -->
