<?xml version="1.0" encoding="UTF-8"?>
<!-- Generated by org.testng.reporters.JUnitReportReporter -->
<testsuite hostname="AGUMMADILLI06" failures="0" tests="1" name="Day1Learning.clsCodingChallanges" time="0.008" errors="0" timestamp="2024-07-05T11:07:36 IST" skipped="0">
  <testcase classname="Day1Learning.clsCodingChallanges" name="CheckCharCount" time="0.008"/>
</testsuite> <!-- Day1Learning.clsCodingChallanges -->
