<?xml version="1.0" encoding="UTF-8"?>
<!-- Generated by org.testng.reporters.JUnitReportReporter -->
<testsuite hostname="AGUMMADILLI06" failures="0" tests="1" name="Day1Learning.clsSeleniumBasics" time="0.087" errors="0" timestamp="2024-07-27T08:08:28 IST" skipped="0">
  <testcase classname="Day1Learning.clsSeleniumBasics" name="reverseString" time="0.087"/>
</testsuite> <!-- Day1Learning.clsSeleniumBasics -->
