<?xml version="1.0" encoding="UTF-8"?>
<!-- Generated by org.testng.reporters.JUnitReportReporter -->
<testsuite hostname="AGUMMADILLI06" failures="0" tests="1" name="Day1Learning.clsWeather" time="72.321" errors="0" timestamp="2024-07-10T21:07:10 IST" skipped="0">
  <testcase classname="Day1Learning.clsWeather" name="VerifyTemp" time="72.321"/>
</testsuite> <!-- Day1Learning.clsWeather -->
