<?xml version="1.0" encoding="UTF-8"?>
<!-- Generated by org.testng.reporters.JUnitReportReporter -->
<testsuite hostname="AGUMMADILLI06" failures="0" tests="1" name="Day1Learning.HandlingWebtables" time="40.947" errors="0" timestamp="2024-06-26T15:36:43 IST" skipped="0">
  <testcase classname="Day1Learning.HandlingWebtables" name="GetRankByCompanyName" time="40.947"/>
</testsuite> <!-- Day1Learning.HandlingWebtables -->
