<?xml version="1.0" encoding="UTF-8"?>
<!-- Generated by org.testng.reporters.JUnitReportReporter -->
<testsuite hostname="AGUMMADILLI06" failures="0" tests="1" name="SeleniumLearning.clsGetAttribute" time="7.287" errors="0" timestamp="2024-08-20T13:50:56 IST" skipped="0">
  <testcase classname="SeleniumLearning.clsGetAttribute" name="SearchCountry" time="7.287"/>
</testsuite> <!-- SeleniumLearning.clsGetAttribute -->
