<?xml version="1.0" encoding="UTF-8"?>
<!-- Generated by org.testng.reporters.JUnitReportReporter -->
<testsuite hostname="AGUMMADILLI06" failures="0" tests="1" name="Day1Learning.clsChild" time="0.030" errors="0" timestamp="2024-07-27T07:33:18 IST" skipped="0">
  <testcase classname="Day1Learning.clsChild" name="LearnOverriding" time="0.030"/>
</testsuite> <!-- Day1Learning.clsChild -->
