<?xml version="1.0" encoding="UTF-8"?>
<!-- Generated by org.testng.reporters.JUnitReportReporter -->
<testsuite hostname="AGUMMADILLI06" failures="0" tests="1" name="Day1Learning.clsMethods" time="0.044" errors="0" timestamp="2024-07-26T07:47:22 IST" skipped="0">
  <testcase classname="Day1Learning.clsMethods" name="InvokeMethods" time="0.044"/>
</testsuite> <!-- Day1Learning.clsMethods -->
