<?xml version="1.0" encoding="UTF-8"?>
<!-- Generated by org.testng.reporters.JUnitReportReporter -->
<testsuite hostname="AGUMMADILLI06" failures="0" tests="1" name="CoreJava.clsArrays" time="0.007" errors="0" timestamp="2024-08-20T15:55:43 IST" skipped="0">
  <testcase classname="CoreJava.clsArrays" name="LearnInTArray" time="0.007"/>
</testsuite> <!-- CoreJava.clsArrays -->
