<?xml version="1.0" encoding="UTF-8"?>
<!-- Generated by org.testng.reporters.JUnitReportReporter -->
<testsuite hostname="AGUMMADILLI06" failures="0" tests="1" name="Day1Learning.clsEnums" time="0.009" errors="0" timestamp="2024-07-03T11:25:03 IST" skipped="0">
  <testcase classname="Day1Learning.clsEnums" name="LearnEnums" time="0.009"/>
</testsuite> <!-- Day1Learning.clsEnums -->
