<?xml version="1.0" encoding="UTF-8"?>
<!-- Generated by org.testng.reporters.JUnitReportReporter -->
<testsuite hostname="AGUMMADILLI06" failures="0" tests="1" name="Day1Learning.HandlingFrames" time="27.324" errors="0" timestamp="2024-06-26T12:04:48 IST" skipped="0">
  <testcase classname="Day1Learning.HandlingFrames" name="VerifyHandlingMultipleWindows" time="27.324"/>
</testsuite> <!-- Day1Learning.HandlingFrames -->
