<?xml version="1.0" encoding="UTF-8"?>
<!-- Generated by org.testng.reporters.JUnitReportReporter -->
<testsuite hostname="AGUMMADILLI06" failures="0" tests="1" name="Day1Learning.ActionsClass" time="6.785" errors="0" timestamp="2024-06-26T02:17:09 IST" skipped="0">
  <testcase classname="Day1Learning.ActionsClass" name="LearnJavascriptExecutor" time="6.785"/>
</testsuite> <!-- Day1Learning.ActionsClass -->
